D:\برامج الكليه\ملفاتى\PROJECT CALCULATOR\DEBUG\PROJECT CALCULATOR.EXE
D:\برامج الكليه\ملفاتى\PROJECT CALCULATOR\DEBUG\PROJECT CALCULATOR.ILK
D:\برامج الكليه\ملفاتى\PROJECT CALCULATOR\DEBUG\PROJECT CALCULATOR.PDB
D:\برامج الكليه\ملفاتى\PROJECT CALCULATOR\PROJECT CALCULATOR\DEBUG\PROJECT CALCULATOR.EXE.EMBED.MANIFEST
D:\برامج الكليه\ملفاتى\PROJECT CALCULATOR\PROJECT CALCULATOR\DEBUG\PROJECT CALCULATOR.EXE.EMBED.MANIFEST.RES
D:\برامج الكليه\ملفاتى\PROJECT CALCULATOR\PROJECT CALCULATOR\DEBUG\PROJECT CALCULATOR.EXE.INTERMEDIATE.MANIFEST
D:\برامج الكليه\ملفاتى\PROJECT CALCULATOR\PROJECT CALCULATOR\DEBUG\PROJECT CALCULATOR.OBJ
D:\برامج الكليه\ملفاتى\PROJECT CALCULATOR\PROJECT CALCULATOR\DEBUG\VC100.PDB
E:\Calculator System Project\New folder\project calculator\Debug\project calculator.exe
E:\Calculator System Project\New folder\project calculator\Debug\project calculator.ilk
E:\Calculator System Project\New folder\project calculator\Debug\project calculator.pdb
E:\Calculator System Project\New folder\project calculator\project calculator\Debug\cl.command.1.tlog
E:\Calculator System Project\New folder\project calculator\project calculator\Debug\CL.read.1.tlog
E:\Calculator System Project\New folder\project calculator\project calculator\Debug\CL.write.1.tlog
E:\Calculator System Project\New folder\project calculator\project calculator\Debug\link.2688.read.1.tlog
E:\Calculator System Project\New folder\project calculator\project calculator\Debug\link.2688.write.1.tlog
E:\Calculator System Project\New folder\project calculator\project calculator\Debug\link.2688-cvtres.read.1.tlog
E:\Calculator System Project\New folder\project calculator\project calculator\Debug\link.2688-cvtres.write.1.tlog
E:\Calculator System Project\New folder\project calculator\project calculator\Debug\link.command.1.tlog
E:\Calculator System Project\New folder\project calculator\project calculator\Debug\link.read.1.tlog
E:\Calculator System Project\New folder\project calculator\project calculator\Debug\link.write.1.tlog
E:\Calculator System Project\New folder\project calculator\project calculator\Debug\link-cvtres.read.1.tlog
E:\Calculator System Project\New folder\project calculator\project calculator\Debug\link-cvtres.write.1.tlog
E:\Calculator System Project\New folder\project calculator\project calculator\Debug\mt.command.1.tlog
E:\Calculator System Project\New folder\project calculator\project calculator\Debug\mt.read.1.tlog
E:\Calculator System Project\New folder\project calculator\project calculator\Debug\mt.write.1.tlog
E:\Calculator System Project\New folder\project calculator\project calculator\Debug\project calculator.exe.embed.manifest
E:\Calculator System Project\New folder\project calculator\project calculator\Debug\project calculator.exe.embed.manifest.res
E:\Calculator System Project\New folder\project calculator\project calculator\Debug\project calculator.exe.intermediate.manifest
E:\Calculator System Project\New folder\project calculator\project calculator\Debug\project calculator.obj
E:\Calculator System Project\New folder\project calculator\project calculator\Debug\project calculator_manifest.rc
E:\Calculator System Project\New folder\project calculator\project calculator\Debug\rc.command.1.tlog
E:\Calculator System Project\New folder\project calculator\project calculator\Debug\rc.read.1.tlog
E:\Calculator System Project\New folder\project calculator\project calculator\Debug\rc.write.1.tlog
E:\Calculator System Project\New folder\project calculator\project calculator\Debug\vc100.idb
E:\Calculator System Project\New folder\project calculator\project calculator\Debug\vc100.pdb
